Arguments: 
  /usr/local/Cellar/node/15.8.0/bin/node /usr/local/bin/yarn add @babel/preset-en --dev

PATH: 
  /usr/local/bin:/usr/bin:/bin:/usr/sbin:/sbin:/Library/Apple/usr/bin

Yarn version: 
  1.22.10

Node version: 
  15.8.0

Platform: 
  darwin x64

Trace: 
  Error: https://registry.yarnpkg.com/@babel%2fpreset-en: Not found
      at Request.params.callback [as _callback] (/usr/local/lib/node_modules/yarn/lib/cli.js:66988:18)
      at Request.self.callback (/usr/local/lib/node_modules/yarn/lib/cli.js:140662:22)
      at Request.emit (node:events:378:20)
      at Request.<anonymous> (/usr/local/lib/node_modules/yarn/lib/cli.js:141634:10)
      at Request.emit (node:events:378:20)
      at IncomingMessage.<anonymous> (/usr/local/lib/node_modules/yarn/lib/cli.js:141556:12)
      at Object.onceWrapper (node:events:484:28)
      at IncomingMessage.emit (node:events:390:22)
      at endReadableNT (node:internal/streams/readable:1307:12)
      at processTicksAndRejections (node:internal/process/task_queues:81:21)

npm manifest: 
  {
    "name": "liveconnect-frontend-task",
    "version": "1.0.0",
    "description": "",
    "main": "index.js",
    "scripts": {
      "test": "echo \"Error: no test specified\" && exit 1"
    },
    "repository": {
      "type": "git",
      "url": "git+https://gitlab.com/liveconnect-dev/liveconnect-frontend-assignment-kamdunga2002.git"
    },
    "author": "",
    "license": "ISC",
    "bugs": {
      "url": "https://gitlab.com/liveconnect-dev/liveconnect-frontend-assignment-kamdunga2002/issues"
    },
    "homepage": "https://gitlab.com/liveconnect-dev/liveconnect-frontend-assignment-kamdunga2002#readme"
  }

yarn manifest: 
  No manifest

Lockfile: 
  No lockfile
